{"name": "test_click_autologin", "status": "broken", "statusDetails": {"message": "selenium.common.exceptions.NoSuchElementException: Message: no such element: Unable to locate element: {\"method\":\"xpath\",\"selector\":\"//*[@id=\"sign_in_0c85f3989c\"]/div[4]/input\"}\n  (Session info: chrome=102.0.5005.63)\nStacktrace:\nBacktrace:\n\tOrdinal0 [0x00D7B8F3+2406643]\n\tOrdinal0 [0x00D0AF31+1945393]\n\tOrdinal0 [0x00BFC748+837448]\n\tOrdinal0 [0x00C292E0+1020640]\n\tOrdinal0 [0x00C2957B+1021307]\n\tOrdinal0 [0x00C56372+1205106]\n\tOrdinal0 [0x00C442C4+1131204]\n\tOrdinal0 [0x00C54682+1197698]\n\tOrdinal0 [0x00C44096+1130646]\n\tOrdinal0 [0x00C1E636+976438]\n\tOrdinal0 [0x00C1F546+980294]\n\tGetHandleVerifier [0x00FE9612+2498066]\n\tGetHandleVerifier [0x00FDC920+2445600]\n\tGetHandleVerifier [0x00E14F2A+579370]\n\tGetHandleVerifier [0x00E13D36+574774]\n\tOrdinal0 [0x00D11C0B+1973259]\n\tOrdinal0 [0x00D16688+1992328]\n\tOrdinal0 [0x00D16775+1992565]\n\tOrdinal0 [0x00D1F8D1+2029777]\n\tBaseThreadInitThunk [0x76DCFA29+25]\n\tRtlGetAppContainerNamedObjectPath [0x77B47A7E+286]\n\tRtlGetAppContainerNamedObjectPath [0x77B47A4E+238]", "trace": "self = <testCases.test_Login.Test_Auto_Page object at 0x000001635AE4A7A0>, setup = <selenium.webdriver.chrome.webdriver.WebDriver (session=\"80cbb0684ed3ff112391c7c47830716a\")>\n\n    @pytest.mark.smoke\n    @pytest.mark.regression\n    @allure.severity(allure.severity_level.CRITICAL)\n    def test_click_autologin(self,setup):\n        self.loggerr.info(\"************ Test 002 - Start  **************\")\n        self.driver = setup\n        self.driver.get(self.urlmain_auto)\n        self.driver.maximize_window()\n        self.loggerr.info(\"************ Going to Login Automation page  **************\")\n        click_login = self.driver.find_element(By.LINK_TEXT, 'Login automation')\n        click_login.click()\n        self.loggerr.info(\"************ Verifying Page Title 002 **************\")\n        actual_title = self.driver.title\n        if actual_title == \"Ultimate QA\":\n            self.driver.save_screenshot(\"..//Screenshots//\" + \"test_click_autologinPASSED.png\")\n            self.loggerr.info(\"************** VERIFIED  002 ********\")\n            assert True\n        else:\n            self.driver.save_screenshot(\"..//Screenshots//\" + \"test_click_autologinFAILED.png\")\n            self.loggerr.info(\"************ Title does not match  002 **************\")\n            assert False\n        self.loggerr.info(\"************ Entering Email  **************\")\n        self.L=Login(self.driver)\n        self.L.setUserEmail(self.userEmail)\n        self.loggerr.info(\"************ Entering PassWord  **************\")\n        self.L.setUserPassword(self.userPassword)\n        time.sleep(5)\n        self.loggerr.info(\"************ Click on Sign In Button with Captcha  **************\")\n>       self.driver.find_element(By.XPATH,'//*[@id=\"sign_in_0c85f3989c\"]/div[4]/input').click()\n\ntest_Login.py:87: \n_ _ _ _ _ _ _ _ _ _ _ _ _ _ _ _ _ _ _ _ _ _ _ _ _ _ _ _ _ _ _ _ _ _ _ _ _ _ _ _ _ _ _ _ _ _ _ _ _ _ _ _ _ _ _ _ _ _ _ _ _ _ _ _ _ _ _ _ _ _ _ _ _ _ _ _ _ _ _ _ _ _ _ _ _ _ _ _ _ _ _ _ _ _ _ _ _ _ _ _ _ _ _ _ _ _ _ _ _ _ _ _ _ _ _ _ \n..\\..\\..\\..\\.virtualenvs\\lib\\site-packages\\selenium\\webdriver\\remote\\webdriver.py:1251: in find_element\n    return self.execute(Command.FIND_ELEMENT, {\n..\\..\\..\\..\\.virtualenvs\\lib\\site-packages\\selenium\\webdriver\\remote\\webdriver.py:430: in execute\n    self.error_handler.check_response(response)\n_ _ _ _ _ _ _ _ _ _ _ _ _ _ _ _ _ _ _ _ _ _ _ _ _ _ _ _ _ _ _ _ _ _ _ _ _ _ _ _ _ _ _ _ _ _ _ _ _ _ _ _ _ _ _ _ _ _ _ _ _ _ _ _ _ _ _ _ _ _ _ _ _ _ _ _ _ _ _ _ _ _ _ _ _ _ _ _ _ _ _ _ _ _ _ _ _ _ _ _ _ _ _ _ _ _ _ _ _ _ _ _ _ _ _ _ \n\nself = <selenium.webdriver.remote.errorhandler.ErrorHandler object at 0x000001635AEB29E0>\nresponse = {'status': 404, 'value': '{\"value\":{\"error\":\"no such element\",\"message\":\"no such element: Unable to locate element: {\\...\\n\\\\tRtlGetAppContainerNamedObjectPath [0x77B47A7E+286]\\\\n\\\\tRtlGetAppContainerNamedObjectPath [0x77B47A4E+238]\\\\n\"}}'}\n\n    def check_response(self, response: Dict[str, Any]) -> None:\n        \"\"\"\n        Checks that a JSON response from the WebDriver does not have an error.\n    \n        :Args:\n         - response - The JSON response from the WebDriver server as a dictionary\n           object.\n    \n        :Raises: If the response contains an error message.\n        \"\"\"\n        status = response.get('status', None)\n        if not status or status == ErrorCode.SUCCESS:\n            return\n        value = None\n        message = response.get(\"message\", \"\")\n        screen: str = response.get(\"screen\", \"\")\n        stacktrace = None\n        if isinstance(status, int):\n            value_json = response.get('value', None)\n            if value_json and isinstance(value_json, str):\n                import json\n                try:\n                    value = json.loads(value_json)\n                    if len(value.keys()) == 1:\n                        value = value['value']\n                    status = value.get('error', None)\n                    if not status:\n                        status = value.get(\"status\", ErrorCode.UNKNOWN_ERROR)\n                        message = value.get(\"value\") or value.get(\"message\")\n                        if not isinstance(message, str):\n                            value = message\n                            message = message.get('message')\n                    else:\n                        message = value.get('message', None)\n                except ValueError:\n                    pass\n    \n        exception_class: Type[WebDriverException]\n        if status in ErrorCode.NO_SUCH_ELEMENT:\n            exception_class = NoSuchElementException\n        elif status in ErrorCode.NO_SUCH_FRAME:\n            exception_class = NoSuchFrameException\n        elif status in ErrorCode.NO_SUCH_SHADOW_ROOT:\n            exception_class = NoSuchShadowRootException\n        elif status in ErrorCode.NO_SUCH_WINDOW:\n            exception_class = NoSuchWindowException\n        elif status in ErrorCode.STALE_ELEMENT_REFERENCE:\n            exception_class = StaleElementReferenceException\n        elif status in ErrorCode.ELEMENT_NOT_VISIBLE:\n            exception_class = ElementNotVisibleException\n        elif status in ErrorCode.INVALID_ELEMENT_STATE:\n            exception_class = InvalidElementStateException\n        elif status in ErrorCode.INVALID_SELECTOR \\\n                or status in ErrorCode.INVALID_XPATH_SELECTOR \\\n                or status in ErrorCode.INVALID_XPATH_SELECTOR_RETURN_TYPER:\n            exception_class = InvalidSelectorException\n        elif status in ErrorCode.ELEMENT_IS_NOT_SELECTABLE:\n            exception_class = ElementNotSelectableException\n        elif status in ErrorCode.ELEMENT_NOT_INTERACTABLE:\n            exception_class = ElementNotInteractableException\n        elif status in ErrorCode.INVALID_COOKIE_DOMAIN:\n            exception_class = InvalidCookieDomainException\n        elif status in ErrorCode.UNABLE_TO_SET_COOKIE:\n            exception_class = UnableToSetCookieException\n        elif status in ErrorCode.TIMEOUT:\n            exception_class = TimeoutException\n        elif status in ErrorCode.SCRIPT_TIMEOUT:\n            exception_class = TimeoutException\n        elif status in ErrorCode.UNKNOWN_ERROR:\n            exception_class = WebDriverException\n        elif status in ErrorCode.UNEXPECTED_ALERT_OPEN:\n            exception_class = UnexpectedAlertPresentException\n        elif status in ErrorCode.NO_ALERT_OPEN:\n            exception_class = NoAlertPresentException\n        elif status in ErrorCode.IME_NOT_AVAILABLE:\n            exception_class = ImeNotAvailableException\n        elif status in ErrorCode.IME_ENGINE_ACTIVATION_FAILED:\n            exception_class = ImeActivationFailedException\n        elif status in ErrorCode.MOVE_TARGET_OUT_OF_BOUNDS:\n            exception_class = MoveTargetOutOfBoundsException\n        elif status in ErrorCode.JAVASCRIPT_ERROR:\n            exception_class = JavascriptException\n        elif status in ErrorCode.SESSION_NOT_CREATED:\n            exception_class = SessionNotCreatedException\n        elif status in ErrorCode.INVALID_ARGUMENT:\n            exception_class = InvalidArgumentException\n        elif status in ErrorCode.NO_SUCH_COOKIE:\n            exception_class = NoSuchCookieException\n        elif status in ErrorCode.UNABLE_TO_CAPTURE_SCREEN:\n            exception_class = ScreenshotException\n        elif status in ErrorCode.ELEMENT_CLICK_INTERCEPTED:\n            exception_class = ElementClickInterceptedException\n        elif status in ErrorCode.INSECURE_CERTIFICATE:\n            exception_class = InsecureCertificateException\n        elif status in ErrorCode.INVALID_COORDINATES:\n            exception_class = InvalidCoordinatesException\n        elif status in ErrorCode.INVALID_SESSION_ID:\n            exception_class = InvalidSessionIdException\n        elif status in ErrorCode.UNKNOWN_METHOD:\n            exception_class = UnknownMethodException\n        else:\n            exception_class = WebDriverException\n        if not value:\n            value = response['value']\n        if isinstance(value, str):\n            raise exception_class(value)\n        if message == \"\" and 'message' in value:\n            message = value['message']\n    \n        screen = None  # type: ignore[assignment]\n        if 'screen' in value:\n            screen = value['screen']\n    \n        stacktrace = None\n        st_value = value.get('stackTrace') or value.get('stacktrace')\n        if st_value:\n            if isinstance(st_value, str):\n                stacktrace = st_value.split('\\n')\n            else:\n                stacktrace = []\n                try:\n                    for frame in st_value:\n                        line = self._value_or_default(frame, 'lineNumber', '')\n                        file = self._value_or_default(frame, 'fileName', '<anonymous>')\n                        if line:\n                            file = \"%s:%s\" % (file, line)\n                        meth = self._value_or_default(frame, 'methodName', '<anonymous>')\n                        if 'className' in frame:\n                            meth = \"%s.%s\" % (frame['className'], meth)\n                        msg = \"    at %s (%s)\"\n                        msg = msg % (meth, file)\n                        stacktrace.append(msg)\n                except TypeError:\n                    pass\n        if exception_class == UnexpectedAlertPresentException:\n            alert_text = None\n            if 'data' in value:\n                alert_text = value['data'].get('text')\n            elif 'alert' in value:\n                alert_text = value['alert'].get('text')\n            raise exception_class(message, screen, stacktrace, alert_text)  # type: ignore[call-arg]  # mypy is not smart enough here\n>       raise exception_class(message, screen, stacktrace)\nE       selenium.common.exceptions.NoSuchElementException: Message: no such element: Unable to locate element: {\"method\":\"xpath\",\"selector\":\"//*[@id=\"sign_in_0c85f3989c\"]/div[4]/input\"}\nE         (Session info: chrome=102.0.5005.63)\nE       Stacktrace:\nE       Backtrace:\nE       \tOrdinal0 [0x00D7B8F3+2406643]\nE       \tOrdinal0 [0x00D0AF31+1945393]\nE       \tOrdinal0 [0x00BFC748+837448]\nE       \tOrdinal0 [0x00C292E0+1020640]\nE       \tOrdinal0 [0x00C2957B+1021307]\nE       \tOrdinal0 [0x00C56372+1205106]\nE       \tOrdinal0 [0x00C442C4+1131204]\nE       \tOrdinal0 [0x00C54682+1197698]\nE       \tOrdinal0 [0x00C44096+1130646]\nE       \tOrdinal0 [0x00C1E636+976438]\nE       \tOrdinal0 [0x00C1F546+980294]\nE       \tGetHandleVerifier [0x00FE9612+2498066]\nE       \tGetHandleVerifier [0x00FDC920+2445600]\nE       \tGetHandleVerifier [0x00E14F2A+579370]\nE       \tGetHandleVerifier [0x00E13D36+574774]\nE       \tOrdinal0 [0x00D11C0B+1973259]\nE       \tOrdinal0 [0x00D16688+1992328]\nE       \tOrdinal0 [0x00D16775+1992565]\nE       \tOrdinal0 [0x00D1F8D1+2029777]\nE       \tBaseThreadInitThunk [0x76DCFA29+25]\nE       \tRtlGetAppContainerNamedObjectPath [0x77B47A7E+286]\nE       \tRtlGetAppContainerNamedObjectPath [0x77B47A4E+238]\n\n..\\..\\..\\..\\.virtualenvs\\lib\\site-packages\\selenium\\webdriver\\remote\\errorhandler.py:247: NoSuchElementException"}, "attachments": [{"name": "log", "source": "980970e2-0132-4a65-b580-54677da46e49-attachment.txt", "type": "text/plain"}], "start": 1655149902591, "stop": 1655149913010, "uuid": "bbe46c69-9601-46d4-a1e7-b921884835f1", "historyId": "50a18c39a1803ebe220f9086bf7a4ab9", "testCaseId": "2a62cb3ad437ca36285478c4bd989414", "fullName": "test_Login.Test_Auto_Page#test_click_autologin", "labels": [{"name": "severity", "value": "critical"}, {"name": "tag", "value": "regression"}, {"name": "tag", "value": "smoke"}, {"name": "suite", "value": "test_Login"}, {"name": "subSuite", "value": "Test_Auto_Page"}, {"name": "host", "value": "LAPTOP-F70EPTEM"}, {"name": "thread", "value": "7992-MainThread"}, {"name": "framework", "value": "pytest"}, {"name": "language", "value": "cpython3"}, {"name": "package", "value": "test_Login"}]}